<?xml version="1.0" encoding="UTF-8"?>
<!-- Generated by org.testng.reporters.JUnitReportReporter -->
<testsuite hostname="DESKTOP-OPA9RAC" failures="0" tests="1" name="com.Mesh_TestSuites.HomePage_Suite" time="0.862" errors="0" timestamp="2025-05-21T22:27:55 EDT" skipped="0">
  <testcase classname="com.Mesh_TestSuites.HomePage_Suite" name="login" time="0.862"/>
  <system-out/>
</testsuite> <!-- com.Mesh_TestSuites.HomePage_Suite -->
