<?xml version="1.0" encoding="UTF-8"?>
<!-- Generated by org.testng.reporters.JUnitReportReporter -->
<testsuite hostname="DESKTOP-OPA9RAC" failures="0" tests="4" name="com.Mesh_TestSuites.DecisionPackages" time="825.964" errors="0" timestamp="2025-08-01T00:44:10 EDT" skipped="0">
  <testcase classname="com.Mesh_TestSuites.DecisionPackages" name="DecisionPackage_TC_004_Verify_Adding_bundle_Packages" time="148.817"/>
  <system-out/>
  <testcase classname="com.Mesh_TestSuites.DecisionPackages" name="DecisionPackage_TC_003_Verify_DecisionPackage_Creation_with_Contract_as_SubmisionType" time="257.307"/>
  <system-out/>
  <testcase classname="com.Mesh_TestSuites.DecisionPackages" name="DecisionPackage_TC_001_Verify_DecisionPackage_Creation_with_APD_as_SubmisionType" time="179.805"/>
  <system-out/>
  <testcase classname="com.Mesh_TestSuites.DecisionPackages" name="DecisionPackage_TC_002_Verify_DecisionPackage_Creation_with_RFP_as_SubmisionType" time="240.035"/>
  <system-out/>
</testsuite> <!-- com.Mesh_TestSuites.DecisionPackages -->
