<?xml version="1.0" encoding="UTF-8"?>
<!-- Generated by org.testng.reporters.JUnitReportReporter -->
<testsuite hostname="DESKTOP-OPA9RAC" failures="0" tests="1" name="com.Mesh_TestSuites.NewTest" time="0.073" errors="0" timestamp="2025-10-09T08:26:22 EDT" skipped="0">
  <testcase classname="com.Mesh_TestSuites.NewTest" name="f" time="0.073"/>
  <system-out/>
</testsuite> <!-- com.Mesh_TestSuites.NewTest -->
