<?xml version="1.0" encoding="UTF-8"?>
<!-- Generated by org.testng.reporters.JUnitReportReporter -->
<testsuite hostname="DESKTOP-OPA9RAC" failures="0" tests="1" name="com.Mesh_TestSuites.APD_DecisionPackage" time="196.574" errors="0" timestamp="2025-08-12T21:12:09 EDT" skipped="0">
  <testcase classname="com.Mesh_TestSuites.APD_DecisionPackage" name="DecisionPackage_TC_001_Verify_DecisionPackage_Creation_with_APD_as_SubmisionType" time="196.574"/>
  <system-out/>
</testsuite> <!-- com.Mesh_TestSuites.APD_DecisionPackage -->
