<?xml version="1.0" encoding="UTF-8"?>
<!-- Generated by org.testng.reporters.JUnitReportReporter -->
<testsuite hostname="DESKTOP-OPA9RAC" failures="0" tests="3" name="com.Mesh_TestSuites.DecisionPackages" time="540.759" errors="0" timestamp="2025-06-23T09:47:52 EDT" skipped="0">
  <testcase classname="com.Mesh_TestSuites.DecisionPackages" name="DecisionPackage_TC_001_Verify_DecisionPackage_Creation_with_APD_as_SubmisionType" time="202.839"/>
  <system-out/>
  <testcase classname="com.Mesh_TestSuites.DecisionPackages" name="DecisionPackage_TC_003_Verify_DecisionPackage_Creation_with_Contract_as_SubmisionType" time="170.146"/>
  <system-out/>
  <testcase classname="com.Mesh_TestSuites.DecisionPackages" name="DecisionPackage_TC_002_Verify_DecisionPackage_Creation_with_RFP_as_SubmisionType" time="167.774"/>
  <system-out/>
</testsuite> <!-- com.Mesh_TestSuites.DecisionPackages -->
