<?xml version="1.0" encoding="UTF-8"?>
<!-- Generated by org.testng.reporters.JUnitReportReporter -->
<testsuite hostname="DESKTOP-OPA9RAC" failures="0" tests="4" name="com.Mesh_TestSuites.HHS_DecisionPackages_Bundle_Validation" time="775.698" errors="0" timestamp="2025-08-20T10:28:28 EDT" skipped="0">
  <testcase classname="com.Mesh_TestSuites.HHS_DecisionPackages_Bundle_Validation" name="DecisionPackage_TC_003_Verify_DecisionPackage_Creation_with_Contract_as_SubmisionType" time="96.235"/>
  <system-out/>
  <testcase classname="com.Mesh_TestSuites.HHS_DecisionPackages_Bundle_Validation" name="DecisionPackage_TC_004_Verify_Adding_bundle_Packages" time="468.605"/>
  <system-out/>
  <testcase classname="com.Mesh_TestSuites.HHS_DecisionPackages_Bundle_Validation" name="DecisionPackage_TC_001_Verify_DecisionPackage_Creation_with_APD_as_SubmisionType" time="128.702"/>
  <system-out/>
  <testcase classname="com.Mesh_TestSuites.HHS_DecisionPackages_Bundle_Validation" name="DecisionPackage_TC_002_Verify_DecisionPackage_Creation_with_RFP_as_SubmisionType" time="82.156"/>
  <system-out/>
</testsuite> <!-- com.Mesh_TestSuites.HHS_DecisionPackages_Bundle_Validation -->
